2017-03-20 16:40:23 正在解析乡镇行政区数据，并确定空间参考...
2017-03-20 16:40:23 解析完毕。

2017-03-20 16:40:24 开始创建本地县级规划成果库...
2017-03-20 16:40:24    正在创建规划库...
2017-03-20 16:40:25        要素类:[行政区(XZQ)]创建成功。
2017-03-20 16:40:25        要素类:[行政区（乡镇）(XZQXZ)]创建成功。
2017-03-20 16:40:25        要素类:[行政区（县级）(XZQX)]创建成功。
2017-03-20 16:40:25        要素类:[行政区（市级）(XZQS)]创建成功。
2017-03-20 16:40:26        要素类:[行政区（省级）(XZQZ)]创建成功。
2017-03-20 16:40:26        要素类:[行政区界线(XZQJX)]创建成功。
2017-03-20 16:40:26        要素类:[现状地类图斑(XZTB)]创建成功。
2017-03-20 16:40:27        要素类:[现状线状地物(XZXW)]创建成功。
2017-03-20 16:40:27        要素类:[现状零星地物(XZLW)]创建成功。
2017-03-20 16:40:27        要素类:[现状建成区(XZJCQ)]创建成功。
2017-03-20 16:40:27        要素类:[基期地类图斑(JQDLTB)]创建成功。
2017-03-20 16:40:28        要素类:[基期线状地物(JQXZDW)]创建成功。
2017-03-20 16:40:28        要素类:[基期零星地物(JQLXDW)]创建成功。
2017-03-20 16:40:28        要素类:[基期地类界线(JQDLJX)]创建成功。
2017-03-20 16:40:29        要素类:[已建标准农田(BZNT)]创建成功。
2017-03-20 16:40:29        要素类:[基数转换图斑(JSZH)]创建成功。
2017-03-20 16:40:29        要素类:[已建成高标准基本农田(GBZJBNT)]创建成功。
2017-03-20 16:40:30        要素类:[土地规划地类(TDGHDL)]创建成功。
2017-03-20 16:40:30        要素类:[规划用途(GHYT)]创建成功。
2017-03-20 16:40:30        要素类:[规划用途预更新层(YGX)]创建成功。
2017-03-20 16:40:30        要素类:[土地用途区(TDYTQ)]创建成功。
2017-03-20 16:40:31        要素类:[建设用地管制边界(JSYDGZBJ)]创建成功。
2017-03-20 16:40:31        要素类:[建设用地管制区(JSYDGZQ)]创建成功。
2017-03-20 16:40:31        要素类:[面状重点建设项目(MZZDJSXM)]创建成功。
2017-03-20 16:40:31        要素类:[规划基本农田保护区(GHJBNTBHQ)]创建成功。
2017-03-20 16:40:32        要素类:[规划基本农田调整(GHJBNTTZ)]创建成功。
2017-03-20 16:40:32        要素类:[永久基本农田示范区(YJJBNTSFQ)]创建成功。
2017-03-20 16:40:32        要素类:[扩展边界面(KZBJM)]创建成功。
2017-03-20 16:40:32        要素类:[预测新增建设用地(YCXZJSYD)]创建成功。
2017-03-20 16:40:33        要素类:[土地利用总体规划局部修改地类(JBXGDL)]创建成功。
2017-03-20 16:40:33        要素类:[土地利用总体规划局部修改用途(JBXGYT)]创建成功。
2017-03-20 16:40:33        要素类:[土地利用总体规划局部修改分区(JBXGFQ)]创建成功。
2017-03-20 16:40:34        要素类:[规划选址(GHXZ)]创建成功。
2017-03-20 16:40:34        要素类:[建设用地预审(JSYSDK)]创建成功。
2017-03-20 16:40:34        要素类:[农转用方案编制审查(NZSCDK)]创建成功。
2017-03-20 16:40:34        要素类:[补充耕地项目规划审查(BCGDDK)]创建成功。
2017-03-20 16:40:35        要素类:[规划执行(GHZX)]创建成功。
2017-03-20 16:40:35        要素类:[规划更新地块(GHGXDK)]创建成功。
2017-03-20 16:40:35        要素类:[规划更新项目(GHGXXM)]创建成功。
2017-03-20 16:40:36        要素类:[规划更新方案(GHGXFA)]创建成功。
2017-03-20 16:40:36        要素类:[注记(ZJFH)]创建成功。
2017-03-20 16:40:36    规划库创建完成。

2017-03-20 16:40:36 县级成果库创建成功。

2017-03-20 16:40:36 正在处理乡镇及县级行政区数据...
2017-03-20 16:40:48 乡镇及县级行政区数据处理完毕。

2017-03-20 16:40:50 正在将县级成果进行标准化处理...
2017-03-20 16:40:50    正在合并[现状零星地物]数据...
2017-03-20 16:40:53    [现状零星地物]数据合并完成。
2017-03-20 16:40:53    正在合并[现状建成区]数据...
2017-03-20 16:40:54    [现状建成区]数据合并完成。
2017-03-20 16:40:54    正在合并[土地用途区]数据...
2017-03-20 16:41:00    [土地用途区]数据合并完成。
2017-03-20 16:41:00    正在合并[注记]数据...
2017-03-20 16:41:01    [注记]数据合并完成。
2017-03-20 16:41:01    正在合并[建设用地管制边界]数据...
2017-03-20 16:41:02    [建设用地管制边界]数据合并完成。
2017-03-20 16:41:02    正在合并[建设用地管制区]数据...
2017-03-20 16:41:04    [建设用地管制区]数据合并完成。
2017-03-20 16:41:04    正在合并[建设用地预审]数据...
2017-03-20 16:41:04    [建设用地预审]数据合并完成。
2017-03-20 16:41:04    正在合并[基期线状地物]数据...
2017-03-20 16:41:18    [基期线状地物]数据合并完成。
2017-03-20 16:41:18    正在合并[土地规划地类]数据...
2017-03-20 16:41:39    [土地规划地类]数据合并完成。
2017-03-20 16:41:39    正在合并[永久基本农田示范区]数据...
2017-03-20 16:41:40    [永久基本农田示范区]数据合并完成。
2017-03-20 16:41:40    正在合并[基期零星地物]数据...
2017-03-20 16:41:43    [基期零星地物]数据合并完成。
2017-03-20 16:41:43    正在合并[预测新增建设用地]数据...
2017-03-20 16:41:44    [预测新增建设用地]数据合并完成。
2017-03-20 16:41:44    正在合并[基期地类图斑]数据...
2017-03-20 16:42:07    [基期地类图斑]数据合并完成。
2017-03-20 16:42:07    正在合并[农转用方案编制审查]数据...
2017-03-20 16:42:07    [农转用方案编制审查]数据合并完成。
2017-03-20 16:42:07    正在合并[现状线状地物]数据...
2017-03-20 16:42:27    [现状线状地物]数据合并完成。
2017-03-20 16:42:27    正在合并[基期地类界线]数据...
2017-03-20 16:43:15    [基期地类界线]数据合并完成。
2017-03-20 16:43:15    正在合并[面状重点建设项目]数据...
2017-03-20 16:43:15    [面状重点建设项目]数据合并完成。
2017-03-20 16:43:15    正在合并[现状地类图斑]数据...
2017-03-20 16:43:46    [现状地类图斑]数据合并完成。
2017-03-20 16:43:46    正在合并[已建标准农田]数据...
2017-03-20 16:43:48    [已建标准农田]数据合并完成。
2017-03-20 16:43:48    正在合并[已建成高标准基本农田]数据...
2017-03-20 16:43:49    [已建成高标准基本农田]数据合并完成。
2017-03-20 16:43:49    正在合并[规划基本农田保护区]数据...
2017-03-20 16:43:53    [规划基本农田保护区]数据合并完成。
2017-03-20 16:43:53    正在合并[规划基本农田调整]数据...
2017-03-20 16:44:02    [规划基本农田调整]数据合并完成。
2017-03-20 16:44:02    正在合并[规划选址]数据...
2017-03-20 16:44:03    [规划选址]数据合并完成。
2017-03-20 16:44:03    正在合并[规划用途]数据...
2017-03-20 16:44:21 规划数据库无法正常连接：ORA-12170: TNS: 连接超时
2017-03-20 16:44:22    [规划用途]数据合并完成。
2017-03-20 16:44:22    正在合并[土地利用总体规划局部修改地类]数据...
2017-03-20 16:44:23    [土地利用总体规划局部修改地类]数据合并完成。
2017-03-20 16:44:23    正在合并[补充耕地项目规划审查]数据...
2017-03-20 16:44:24    [补充耕地项目规划审查]数据合并完成。
2017-03-20 16:44:24    正在合并[土地利用总体规划局部修改用途]数据...
2017-03-20 16:44:25    [土地利用总体规划局部修改用途]数据合并完成。
2017-03-20 16:44:25    正在合并[扩展边界面]数据...
2017-03-20 16:44:26    [扩展边界面]数据合并完成。
2017-03-20 16:44:26    正在合并[行政区界线]数据...
2017-03-20 16:44:27    [行政区界线]数据合并完成。
2017-03-20 16:44:27    正在合并[土地利用总体规划局部修改分区]数据...
2017-03-20 16:44:28    [土地利用总体规划局部修改分区]数据合并完成。
2017-03-20 16:44:28    正在合并[基数转换图斑]数据...
2017-03-20 16:44:58    [基数转换图斑]数据合并完成。
2017-03-20 16:44:58    正在合并[行政区]数据...
2017-03-20 16:45:00    [行政区]数据合并完成。
2017-03-20 16:45:00 标准处理完毕。

2017-03-20 16:45:04 正在添加乡镇代码信息...
2017-03-20 16:50:37 乡镇信息添加完毕。

2017-03-20 16:50:37 正在更新县级成果库信息（包括县代码赋值、标识码清空、起始时间赋更新时间等）...
2017-03-20 16:50:41 县级成果库信息更新完毕。

